
> frontend@0.0.0 dev
> vite


  VITE v6.3.5  ready in 215 ms

  ➜  Local:   http://localhost:5173/
  ➜  Network: use --host to expose

> frontend@0.0.0 dev
> vite


  VITE v6.3.5  ready in 203 ms

  ➜  Local:   http://localhost:5173/
  ➜  Network: use --host to expose

> frontend@0.0.0 dev
> vite


  VITE v6.3.5  ready in 5151 ms

  ➜  Local:   http://localhost:5173/
  ➜  Network: use --host to expose

> frontend@0.0.0 dev
> vite


  VITE v6.3.5  ready in 196 ms

  ➜  Local:   http://localhost:5173/
  ➜  Network: use --host to expose

> frontend@0.0.0 dev
> vite


  VITE v6.3.5  ready in 191 ms

  ➜  Local:   http://localhost:5173/
  ➜  Network: use --host to expose
